2025-03-17 18:17:18.161 [info] Extension host with pid 4395 started
2025-03-17 18:17:18.176 [info] Lock '/home/my-app/.vscode-server/data/User/workspaceStorage/5b8974ce13f27d6eb5d5879c8f12ac86/vscode.lock': Lock acquired.
2025-03-17 18:17:20.415 [info] ExtensionService#_doActivateExtension vscode.git-base, startup: false, activationEvent: '*', root cause: vscode.git
2025-03-17 18:17:20.743 [info] ExtensionService#_doActivateExtension vscode.git, startup: false, activationEvent: '*'
2025-03-17 18:17:20.744 [info] ExtensionService#_doActivateExtension vscode.github, startup: false, activationEvent: '*'
2025-03-17 18:17:21.378 [info] Eager extensions activated
2025-03-17 18:17:21.378 [info] ExtensionService#_doActivateExtension vscode.debug-auto-launch, startup: false, activationEvent: 'onStartupFinished'
2025-03-17 18:17:21.379 [info] ExtensionService#_doActivateExtension vscode.merge-conflict, startup: false, activationEvent: 'onStartupFinished'
2025-03-17 18:18:54.915 [info] ExtensionService#_doActivateExtension vscode.emmet, startup: false, activationEvent: 'onLanguage'
2025-03-17 18:21:39.773 [warning] [Decorations] CAPPING events from decorations provider vscode.git 1618
2025-03-17 18:21:40.272 [warning] [Decorations] CAPPING events from decorations provider vscode.git 1618
2025-03-17 18:21:44.512 [warning] [Decorations] CAPPING events from decorations provider vscode.git 1618
2025-03-17 18:21:56.699 [warning] [Decorations] CAPPING events from decorations provider vscode.git 1618
2025-03-17 18:22:01.779 [warning] [Decorations] CAPPING events from decorations provider vscode.git 1618
2025-03-17 18:22:04.503 [warning] [Decorations] CAPPING events from decorations provider vscode.git 1618
2025-03-17 18:22:06.851 [warning] [Decorations] CAPPING events from decorations provider vscode.git 1618
2025-03-17 18:22:13.525 [warning] [Decorations] CAPPING events from decorations provider vscode.git 1618
2025-03-17 18:22:18.580 [warning] [Decorations] CAPPING events from decorations provider vscode.git 1618
2025-03-17 18:22:22.324 [info] ExtensionService#_doActivateExtension vscode.npm, startup: false, activationEvent: 'onTerminalQuickFixRequest:ms-vscode.npm-command'
2025-03-17 18:22:23.634 [warning] [Decorations] CAPPING events from decorations provider vscode.git 1618
2025-03-17 18:22:28.421 [info] ExtensionService#_doActivateExtension vscode.configuration-editing, startup: false, activationEvent: 'onLanguage:json'
2025-03-17 18:22:28.422 [info] ExtensionService#_doActivateExtension vscode.extension-editing, startup: false, activationEvent: 'onLanguage:json'
2025-03-17 18:22:28.423 [info] ExtensionService#_doActivateExtension vscode.json-language-features, startup: false, activationEvent: 'onLanguage:json'
2025-03-17 18:22:28.688 [warning] [Decorations] CAPPING events from decorations provider vscode.git 1618
2025-03-17 18:22:33.749 [warning] [Decorations] CAPPING events from decorations provider vscode.git 1619
2025-03-17 18:22:38.802 [warning] [Decorations] CAPPING events from decorations provider vscode.git 1619
2025-03-17 18:23:06.124 [warning] [Decorations] CAPPING events from decorations provider vscode.git 1619
2025-03-17 18:23:11.209 [warning] [Decorations] CAPPING events from decorations provider vscode.git 1620
2025-03-17 18:23:16.304 [warning] [Decorations] CAPPING events from decorations provider vscode.git 1620
2025-03-17 18:23:21.361 [warning] [Decorations] CAPPING events from decorations provider vscode.git 1620
2025-03-17 18:23:29.290 [warning] [Decorations] CAPPING events from decorations provider vscode.git 1620
2025-03-17 18:23:34.349 [warning] [Decorations] CAPPING events from decorations provider vscode.git 1620
2025-03-17 18:23:39.402 [warning] [Decorations] CAPPING events from decorations provider vscode.git 1620
2025-03-17 18:23:44.460 [warning] [Decorations] CAPPING events from decorations provider vscode.git 1620
2025-03-17 18:23:51.057 [warning] [Decorations] CAPPING events from decorations provider vscode.git 1620
2025-03-17 18:23:56.135 [warning] [Decorations] CAPPING events from decorations provider vscode.git 1620
2025-03-17 18:24:01.934 [warning] [Decorations] CAPPING events from decorations provider vscode.git 1620
2025-03-17 18:24:09.278 [warning] [Decorations] CAPPING events from decorations provider vscode.git 1620
2025-03-17 18:24:11.428 [warning] [Decorations] CAPPING events from decorations provider vscode.git 1620
2025-03-17 18:31:12.542 [info] Extension host terminating: received terminate message from renderer
2025-03-17 18:31:12.542 [info] Lock '/home/my-app/.vscode-server/data/User/workspaceStorage/5b8974ce13f27d6eb5d5879c8f12ac86/vscode.lock': Marking the lockfile as scheduled to be released in 6000 ms.
2025-03-17 18:31:12.598 [error] Canceled: Canceled
	at new dR (file:///home/my-app/.vscode-server/cli/servers/Stable-ddc367ed5c8936efe395cffeec279b04ffd7db78/server/out/vs/workbench/api/node/extensionHostProcess.js:29:155028)
	at qy.U (file:///home/my-app/.vscode-server/cli/servers/Stable-ddc367ed5c8936efe395cffeec279b04ffd7db78/server/out/vs/workbench/api/node/extensionHostProcess.js:29:159639)
	at s.<computed>.n.charCodeAt.s.<computed> (file:///home/my-app/.vscode-server/cli/servers/Stable-ddc367ed5c8936efe395cffeec279b04ffd7db78/server/out/vs/workbench/api/node/extensionHostProcess.js:29:157133)
	at kw.g (file:///home/my-app/.vscode-server/cli/servers/Stable-ddc367ed5c8936efe395cffeec279b04ffd7db78/server/out/vs/workbench/api/node/extensionHostProcess.js:112:41039)
	at kw.executeCommand (file:///home/my-app/.vscode-server/cli/servers/Stable-ddc367ed5c8936efe395cffeec279b04ffd7db78/server/out/vs/workbench/api/node/extensionHostProcess.js:112:40543)
	at r.registerCommand.description (file:///home/my-app/.vscode-server/cli/servers/Stable-ddc367ed5c8936efe395cffeec279b04ffd7db78/server/out/vs/workbench/api/node/extensionHostProcess.js:112:39873)
	at kw.h (file:///home/my-app/.vscode-server/cli/servers/Stable-ddc367ed5c8936efe395cffeec279b04ffd7db78/server/out/vs/workbench/api/node/extensionHostProcess.js:112:41559)
	at kw.g (file:///home/my-app/.vscode-server/cli/servers/Stable-ddc367ed5c8936efe395cffeec279b04ffd7db78/server/out/vs/workbench/api/node/extensionHostProcess.js:112:40636)
	at kw.executeCommand (file:///home/my-app/.vscode-server/cli/servers/Stable-ddc367ed5c8936efe395cffeec279b04ffd7db78/server/out/vs/workbench/api/node/extensionHostProcess.js:112:40543)
	at Object.executeCommand (file:///home/my-app/.vscode-server/cli/servers/Stable-ddc367ed5c8936efe395cffeec279b04ffd7db78/server/out/vs/workbench/api/node/extensionHostProcess.js:172:37375)
	at Th.L [as value] (/home/my-app/.vscode-server/cli/servers/Stable-ddc367ed5c8936efe395cffeec279b04ffd7db78/server/extensions/git/dist/main.js:2:1000063)
	at D.B (file:///home/my-app/.vscode-server/cli/servers/Stable-ddc367ed5c8936efe395cffeec279b04ffd7db78/server/out/vs/workbench/api/node/extensionHostProcess.js:27:2375)
	at D.C (file:///home/my-app/.vscode-server/cli/servers/Stable-ddc367ed5c8936efe395cffeec279b04ffd7db78/server/out/vs/workbench/api/node/extensionHostProcess.js:27:2445)
	at D.fire (file:///home/my-app/.vscode-server/cli/servers/Stable-ddc367ed5c8936efe395cffeec279b04ffd7db78/server/out/vs/workbench/api/node/extensionHostProcess.js:27:2662)
	at Object.p [as dispose] (/home/my-app/.vscode-server/cli/servers/Stable-ddc367ed5c8936efe395cffeec279b04ffd7db78/server/extensions/git/dist/main.js:2:1022703)
	at /home/my-app/.vscode-server/cli/servers/Stable-ddc367ed5c8936efe395cffeec279b04ffd7db78/server/extensions/git/dist/main.js:2:1029021
	at Array.forEach (<anonymous>)
	at b.dispose (/home/my-app/.vscode-server/cli/servers/Stable-ddc367ed5c8936efe395cffeec279b04ffd7db78/server/extensions/git/dist/main.js:2:1029007)
	at fv.<anonymous> (file:///home/my-app/.vscode-server/cli/servers/Stable-ddc367ed5c8936efe395cffeec279b04ffd7db78/server/out/vs/workbench/api/node/extensionHostProcess.js:108:8922)
	at fv.dispose (file:///home/my-app/.vscode-server/cli/servers/Stable-ddc367ed5c8936efe395cffeec279b04ffd7db78/server/out/vs/workbench/api/node/extensionHostProcess.js:108:9018)
	at fv.<anonymous> (/home/my-app/.vscode-server/cli/servers/Stable-ddc367ed5c8936efe395cffeec279b04ffd7db78/server/extensions/git/dist/main.js:2:1002547)
	at fv.dispose (file:///home/my-app/.vscode-server/cli/servers/Stable-ddc367ed5c8936efe395cffeec279b04ffd7db78/server/out/vs/workbench/api/node/extensionHostProcess.js:108:9018)
	at hi (file:///home/my-app/.vscode-server/cli/servers/Stable-ddc367ed5c8936efe395cffeec279b04ffd7db78/server/out/vs/workbench/api/node/extensionHostProcess.js:25:701)
	at file:///home/my-app/.vscode-server/cli/servers/Stable-ddc367ed5c8936efe395cffeec279b04ffd7db78/server/out/vs/workbench/api/node/extensionHostProcess.js:116:14994
	at file:///home/my-app/.vscode-server/cli/servers/Stable-ddc367ed5c8936efe395cffeec279b04ffd7db78/server/out/vs/workbench/api/node/extensionHostProcess.js:25:1011
	at Object.dispose (file:///home/my-app/.vscode-server/cli/servers/Stable-ddc367ed5c8936efe395cffeec279b04ffd7db78/server/out/vs/workbench/api/node/extensionHostProcess.js:8:705)
	at zz.eb (file:///home/my-app/.vscode-server/cli/servers/Stable-ddc367ed5c8936efe395cffeec279b04ffd7db78/server/out/vs/workbench/api/node/extensionHostProcess.js:116:11921)
	at file:///home/my-app/.vscode-server/cli/servers/Stable-ddc367ed5c8936efe395cffeec279b04ffd7db78/server/out/vs/workbench/api/node/extensionHostProcess.js:116:9876
	at Array.map (<anonymous>)
	at zz.$ (file:///home/my-app/.vscode-server/cli/servers/Stable-ddc367ed5c8936efe395cffeec279b04ffd7db78/server/out/vs/workbench/api/node/extensionHostProcess.js:116:9864)
	at zz.terminate (file:///home/my-app/.vscode-server/cli/servers/Stable-ddc367ed5c8936efe395cffeec279b04ffd7db78/server/out/vs/workbench/api/node/extensionHostProcess.js:116:10107)
	at FI.terminate (file:///home/my-app/.vscode-server/cli/servers/Stable-ddc367ed5c8936efe395cffeec279b04ffd7db78/server/out/vs/workbench/api/node/extensionHostProcess.js:117:1434)
	at ts (file:///home/my-app/.vscode-server/cli/servers/Stable-ddc367ed5c8936efe395cffeec279b04ffd7db78/server/out/vs/workbench/api/node/extensionHostProcess.js:190:15108)
	at Th.value (file:///home/my-app/.vscode-server/cli/servers/Stable-ddc367ed5c8936efe395cffeec279b04ffd7db78/server/out/vs/workbench/api/node/extensionHostProcess.js:190:13269)
	at D.B (file:///home/my-app/.vscode-server/cli/servers/Stable-ddc367ed5c8936efe395cffeec279b04ffd7db78/server/out/vs/workbench/api/node/extensionHostProcess.js:27:2375)
	at D.fire (file:///home/my-app/.vscode-server/cli/servers/Stable-ddc367ed5c8936efe395cffeec279b04ffd7db78/server/out/vs/workbench/api/node/extensionHostProcess.js:27:2593)
	at Gn.fire (file:///home/my-app/.vscode-server/cli/servers/Stable-ddc367ed5c8936efe395cffeec279b04ffd7db78/server/out/vs/workbench/api/node/extensionHostProcess.js:29:9459)
	at Ym.A (file:///home/my-app/.vscode-server/cli/servers/Stable-ddc367ed5c8936efe395cffeec279b04ffd7db78/server/out/vs/workbench/api/node/extensionHostProcess.js:29:12575)
	at Th.value (file:///home/my-app/.vscode-server/cli/servers/Stable-ddc367ed5c8936efe395cffeec279b04ffd7db78/server/out/vs/workbench/api/node/extensionHostProcess.js:29:10995)
	at D.B (file:///home/my-app/.vscode-server/cli/servers/Stable-ddc367ed5c8936efe395cffeec279b04ffd7db78/server/out/vs/workbench/api/node/extensionHostProcess.js:27:2375)
	at D.fire (file:///home/my-app/.vscode-server/cli/servers/Stable-ddc367ed5c8936efe395cffeec279b04ffd7db78/server/out/vs/workbench/api/node/extensionHostProcess.js:27:2593)
	at C6.acceptChunk (file:///home/my-app/.vscode-server/cli/servers/Stable-ddc367ed5c8936efe395cffeec279b04ffd7db78/server/out/vs/workbench/api/node/extensionHostProcess.js:29:7942)
	at file:///home/my-app/.vscode-server/cli/servers/Stable-ddc367ed5c8936efe395cffeec279b04ffd7db78/server/out/vs/workbench/api/node/extensionHostProcess.js:29:7228
	at Socket.t (file:///home/my-app/.vscode-server/cli/servers/Stable-ddc367ed5c8936efe395cffeec279b04ffd7db78/server/out/vs/workbench/api/node/extensionHostProcess.js:29:15252)
	at Socket.emit (node:events:518:28)
	at addChunk (node:internal/streams/readable:561:12)
	at readableAddChunkPushByteMode (node:internal/streams/readable:512:3)
	at Readable.push (node:internal/streams/readable:392:5)
	at Pipe.onStreamRead (node:internal/stream_base_commons:191:23) setContext undefined
2025-03-17 18:31:12.600 [error] Canceled: Canceled
	at new dR (file:///home/my-app/.vscode-server/cli/servers/Stable-ddc367ed5c8936efe395cffeec279b04ffd7db78/server/out/vs/workbench/api/node/extensionHostProcess.js:29:155028)
	at qy.U (file:///home/my-app/.vscode-server/cli/servers/Stable-ddc367ed5c8936efe395cffeec279b04ffd7db78/server/out/vs/workbench/api/node/extensionHostProcess.js:29:159639)
	at s.<computed>.n.charCodeAt.s.<computed> (file:///home/my-app/.vscode-server/cli/servers/Stable-ddc367ed5c8936efe395cffeec279b04ffd7db78/server/out/vs/workbench/api/node/extensionHostProcess.js:29:157133)
	at kw.g (file:///home/my-app/.vscode-server/cli/servers/Stable-ddc367ed5c8936efe395cffeec279b04ffd7db78/server/out/vs/workbench/api/node/extensionHostProcess.js:112:41039)
	at kw.executeCommand (file:///home/my-app/.vscode-server/cli/servers/Stable-ddc367ed5c8936efe395cffeec279b04ffd7db78/server/out/vs/workbench/api/node/extensionHostProcess.js:112:40543)
	at r.registerCommand.description (file:///home/my-app/.vscode-server/cli/servers/Stable-ddc367ed5c8936efe395cffeec279b04ffd7db78/server/out/vs/workbench/api/node/extensionHostProcess.js:112:39873)
	at kw.h (file:///home/my-app/.vscode-server/cli/servers/Stable-ddc367ed5c8936efe395cffeec279b04ffd7db78/server/out/vs/workbench/api/node/extensionHostProcess.js:112:41559)
	at kw.g (file:///home/my-app/.vscode-server/cli/servers/Stable-ddc367ed5c8936efe395cffeec279b04ffd7db78/server/out/vs/workbench/api/node/extensionHostProcess.js:112:40636)
	at kw.executeCommand (file:///home/my-app/.vscode-server/cli/servers/Stable-ddc367ed5c8936efe395cffeec279b04ffd7db78/server/out/vs/workbench/api/node/extensionHostProcess.js:112:40543)
	at Object.executeCommand (file:///home/my-app/.vscode-server/cli/servers/Stable-ddc367ed5c8936efe395cffeec279b04ffd7db78/server/out/vs/workbench/api/node/extensionHostProcess.js:172:37375)
	at set hasGitHubRepositories [as hasGitHubRepositories] (/home/my-app/.vscode-server/cli/servers/Stable-ddc367ed5c8936efe395cffeec279b04ffd7db78/server/extensions/github/dist/extension.js:2:217805)
	at /home/my-app/.vscode-server/cli/servers/Stable-ddc367ed5c8936efe395cffeec279b04ffd7db78/server/extensions/github/dist/extension.js:2:218764
	at Th.value (/home/my-app/.vscode-server/cli/servers/Stable-ddc367ed5c8936efe395cffeec279b04ffd7db78/server/extensions/git/dist/main.js:2:1120702)
	at D.B (file:///home/my-app/.vscode-server/cli/servers/Stable-ddc367ed5c8936efe395cffeec279b04ffd7db78/server/out/vs/workbench/api/node/extensionHostProcess.js:27:2375)
	at D.C (file:///home/my-app/.vscode-server/cli/servers/Stable-ddc367ed5c8936efe395cffeec279b04ffd7db78/server/out/vs/workbench/api/node/extensionHostProcess.js:27:2445)
	at D.fire (file:///home/my-app/.vscode-server/cli/servers/Stable-ddc367ed5c8936efe395cffeec279b04ffd7db78/server/out/vs/workbench/api/node/extensionHostProcess.js:27:2662)
	at Object.p [as dispose] (/home/my-app/.vscode-server/cli/servers/Stable-ddc367ed5c8936efe395cffeec279b04ffd7db78/server/extensions/git/dist/main.js:2:1022703)
	at /home/my-app/.vscode-server/cli/servers/Stable-ddc367ed5c8936efe395cffeec279b04ffd7db78/server/extensions/git/dist/main.js:2:1029021
	at Array.forEach (<anonymous>)
	at b.dispose (/home/my-app/.vscode-server/cli/servers/Stable-ddc367ed5c8936efe395cffeec279b04ffd7db78/server/extensions/git/dist/main.js:2:1029007)
	at fv.<anonymous> (file:///home/my-app/.vscode-server/cli/servers/Stable-ddc367ed5c8936efe395cffeec279b04ffd7db78/server/out/vs/workbench/api/node/extensionHostProcess.js:108:8922)
	at fv.dispose (file:///home/my-app/.vscode-server/cli/servers/Stable-ddc367ed5c8936efe395cffeec279b04ffd7db78/server/out/vs/workbench/api/node/extensionHostProcess.js:108:9018)
	at fv.<anonymous> (/home/my-app/.vscode-server/cli/servers/Stable-ddc367ed5c8936efe395cffeec279b04ffd7db78/server/extensions/git/dist/main.js:2:1002547)
	at fv.dispose (file:///home/my-app/.vscode-server/cli/servers/Stable-ddc367ed5c8936efe395cffeec279b04ffd7db78/server/out/vs/workbench/api/node/extensionHostProcess.js:108:9018)
	at hi (file:///home/my-app/.vscode-server/cli/servers/Stable-ddc367ed5c8936efe395cffeec279b04ffd7db78/server/out/vs/workbench/api/node/extensionHostProcess.js:25:701)
	at file:///home/my-app/.vscode-server/cli/servers/Stable-ddc367ed5c8936efe395cffeec279b04ffd7db78/server/out/vs/workbench/api/node/extensionHostProcess.js:116:14994
	at file:///home/my-app/.vscode-server/cli/servers/Stable-ddc367ed5c8936efe395cffeec279b04ffd7db78/server/out/vs/workbench/api/node/extensionHostProcess.js:25:1011
	at Object.dispose (file:///home/my-app/.vscode-server/cli/servers/Stable-ddc367ed5c8936efe395cffeec279b04ffd7db78/server/out/vs/workbench/api/node/extensionHostProcess.js:8:705)
	at zz.eb (file:///home/my-app/.vscode-server/cli/servers/Stable-ddc367ed5c8936efe395cffeec279b04ffd7db78/server/out/vs/workbench/api/node/extensionHostProcess.js:116:11921)
	at file:///home/my-app/.vscode-server/cli/servers/Stable-ddc367ed5c8936efe395cffeec279b04ffd7db78/server/out/vs/workbench/api/node/extensionHostProcess.js:116:9876
	at Array.map (<anonymous>)
	at zz.$ (file:///home/my-app/.vscode-server/cli/servers/Stable-ddc367ed5c8936efe395cffeec279b04ffd7db78/server/out/vs/workbench/api/node/extensionHostProcess.js:116:9864)
	at zz.terminate (file:///home/my-app/.vscode-server/cli/servers/Stable-ddc367ed5c8936efe395cffeec279b04ffd7db78/server/out/vs/workbench/api/node/extensionHostProcess.js:116:10107)
	at FI.terminate (file:///home/my-app/.vscode-server/cli/servers/Stable-ddc367ed5c8936efe395cffeec279b04ffd7db78/server/out/vs/workbench/api/node/extensionHostProcess.js:117:1434)
	at ts (file:///home/my-app/.vscode-server/cli/servers/Stable-ddc367ed5c8936efe395cffeec279b04ffd7db78/server/out/vs/workbench/api/node/extensionHostProcess.js:190:15108)
	at Th.value (file:///home/my-app/.vscode-server/cli/servers/Stable-ddc367ed5c8936efe395cffeec279b04ffd7db78/server/out/vs/workbench/api/node/extensionHostProcess.js:190:13269)
	at D.B (file:///home/my-app/.vscode-server/cli/servers/Stable-ddc367ed5c8936efe395cffeec279b04ffd7db78/server/out/vs/workbench/api/node/extensionHostProcess.js:27:2375)
	at D.fire (file:///home/my-app/.vscode-server/cli/servers/Stable-ddc367ed5c8936efe395cffeec279b04ffd7db78/server/out/vs/workbench/api/node/extensionHostProcess.js:27:2593)
	at Gn.fire (file:///home/my-app/.vscode-server/cli/servers/Stable-ddc367ed5c8936efe395cffeec279b04ffd7db78/server/out/vs/workbench/api/node/extensionHostProcess.js:29:9459)
	at Ym.A (file:///home/my-app/.vscode-server/cli/servers/Stable-ddc367ed5c8936efe395cffeec279b04ffd7db78/server/out/vs/workbench/api/node/extensionHostProcess.js:29:12575)
	at Th.value (file:///home/my-app/.vscode-server/cli/servers/Stable-ddc367ed5c8936efe395cffeec279b04ffd7db78/server/out/vs/workbench/api/node/extensionHostProcess.js:29:10995)
	at D.B (file:///home/my-app/.vscode-server/cli/servers/Stable-ddc367ed5c8936efe395cffeec279b04ffd7db78/server/out/vs/workbench/api/node/extensionHostProcess.js:27:2375)
	at D.fire (file:///home/my-app/.vscode-server/cli/servers/Stable-ddc367ed5c8936efe395cffeec279b04ffd7db78/server/out/vs/workbench/api/node/extensionHostProcess.js:27:2593)
	at C6.acceptChunk (file:///home/my-app/.vscode-server/cli/servers/Stable-ddc367ed5c8936efe395cffeec279b04ffd7db78/server/out/vs/workbench/api/node/extensionHostProcess.js:29:7942)
	at file:///home/my-app/.vscode-server/cli/servers/Stable-ddc367ed5c8936efe395cffeec279b04ffd7db78/server/out/vs/workbench/api/node/extensionHostProcess.js:29:7228
	at Socket.t (file:///home/my-app/.vscode-server/cli/servers/Stable-ddc367ed5c8936efe395cffeec279b04ffd7db78/server/out/vs/workbench/api/node/extensionHostProcess.js:29:15252)
	at Socket.emit (node:events:518:28)
	at addChunk (node:internal/streams/readable:561:12)
	at readableAddChunkPushByteMode (node:internal/streams/readable:512:3)
	at Readable.push (node:internal/streams/readable:392:5)
	at Pipe.onStreamRead (node:internal/stream_base_commons:191:23) setContext undefined
2025-03-17 18:31:12.604 [info] Extension host with pid 4395 exiting with code 0
